This is pdfTeX, Version 3.141592653-2.6-1.40.26 (MiKTeX 24.4) (preloaded format=pdflatex 2024.6.9)  11 JUN 2024 20:12
entering extended mode
 restricted \write18 enabled.
 %&-line parsing enabled.
**./projemain.tex
(projemain.tex
LaTeX2e <2024-06-01>
L3 programming layer <2024-05-08>
(C:\Users\atala\AppData\Local\Programs\MiKTeX\tex/latex/base\article.cls
Document Class: article 2024/02/08 v1.4n Standard LaTeX document class
(C:\Users\atala\AppData\Local\Programs\MiKTeX\tex/latex/base\size10.clo
File: size10.clo 2024/02/08 v1.4n Standard LaTeX file (size option)
)
\c@part=\count194
\c@section=\count195
\c@subsection=\count196
\c@subsubsection=\count197
\c@paragraph=\count198
\c@subparagraph=\count199
\c@figure=\count266
\c@table=\count267
\abovecaptionskip=\skip49
\belowcaptionskip=\skip50
\bibindent=\dimen141
)
(C:\Users\atala\AppData\Local\Programs\MiKTeX\tex/latex/base\inputenc.sty
Package: inputenc 2024/02/08 v1.3d Input encoding file
\inpenc@prehook=\toks17
\inpenc@posthook=\toks18
)
(C:\Users\atala\AppData\Local\Programs\MiKTeX\tex/latex/listings\listings.sty
(C:\Users\atala\AppData\Local\Programs\MiKTeX\tex/latex/graphics\keyval.sty
Package: keyval 2022/05/29 v1.15 key=value parser (DPC)
\KV@toks@=\toks19
)
\lst@mode=\count268
\lst@gtempboxa=\box52
\lst@token=\toks20
\lst@length=\count269
\lst@currlwidth=\dimen142
\lst@column=\count270
\lst@pos=\count271
\lst@lostspace=\dimen143
\lst@width=\dimen144
\lst@newlines=\count272
\lst@lineno=\count273
\lst@maxwidth=\dimen145

(C:\Users\atala\AppData\Local\Programs\MiKTeX\tex/latex/listings\lstpatch.sty
File: lstpatch.sty 2024/05/25 1.10b (Carsten Heinz)
)
(C:\Users\atala\AppData\Local\Programs\MiKTeX\tex/latex/listings\lstmisc.sty
File: lstmisc.sty 2024/05/25 1.10b (Carsten Heinz)
\c@lstnumber=\count274
\lst@skipnumbers=\count275
\lst@framebox=\box53
)
(C:\Users\atala\AppData\Local\Programs\MiKTeX\tex/latex/listings\listings.cfg
File: listings.cfg 2024/05/25 1.10b listings configuration
))
Package: listings 2024/05/25 1.10b (Carsten Heinz)
(C:\Users\atala\AppData\Local\Programs\MiKTeX\tex/latex/geometry\geometry.sty
Package: geometry 2020/01/02 v5.9 Page Geometry

(C:\Users\atala\AppData\Local\Programs\MiKTeX\tex/generic/iftex\ifvtex.sty
Package: ifvtex 2019/10/25 v1.7 ifvtex legacy package. Use iftex instead.

(C:\Users\atala\AppData\Local\Programs\MiKTeX\tex/generic/iftex\iftex.sty
Package: iftex 2022/02/03 v1.0f TeX engine tests
))
\Gm@cnth=\count276
\Gm@cntv=\count277
\c@Gm@tempcnt=\count278
\Gm@bindingoffset=\dimen146
\Gm@wd@mp=\dimen147
\Gm@odd@mp=\dimen148
\Gm@even@mp=\dimen149
\Gm@layoutwidth=\dimen150
\Gm@layoutheight=\dimen151
\Gm@layouthoffset=\dimen152
\Gm@layoutvoffset=\dimen153
\Gm@dimlist=\toks21

(C:\Users\atala\AppData\Local\Programs\MiKTeX\tex/latex/geometry\geometry.cfg))
(C:\Users\atala\AppData\Local\Programs\MiKTeX\tex/latex/graphics\graphicx.sty
Package: graphicx 2021/09/16 v1.2d Enhanced LaTeX Graphics (DPC,SPQR)

(C:\Users\atala\AppData\Local\Programs\MiKTeX\tex/latex/graphics\graphics.sty
Package: graphics 2022/03/10 v1.4e Standard LaTeX Graphics (DPC,SPQR)

(C:\Users\atala\AppData\Local\Programs\MiKTeX\tex/latex/graphics\trig.sty
Package: trig 2021/08/11 v1.11 sin cos tan (DPC)
)
(C:\Users\atala\AppData\Local\Programs\MiKTeX\tex/latex/graphics-cfg\graphics.c
fg
File: graphics.cfg 2016/06/04 v1.11 sample graphics configuration
)
Package graphics Info: Driver file: pdftex.def on input line 107.

(C:\Users\atala\AppData\Local\Programs\MiKTeX\tex/latex/graphics-def\pdftex.def
File: pdftex.def 2024/04/13 v1.2c Graphics/color driver for pdftex
))
\Gin@req@height=\dimen154
\Gin@req@width=\dimen155
) (C:\Users\atala\AppData\Local\Programs\MiKTeX\tex/latex/tools\multicol.sty
Package: multicol 2023/03/30 v1.9f multicolumn formatting (FMi)
\c@tracingmulticols=\count279


Package multicol Warning: May not work with the twocolumn option on input line 
143.

\mult@box=\box54
\multicol@leftmargin=\dimen156
\c@unbalance=\count280
\c@collectmore=\count281
\doublecol@number=\count282
\multicoltolerance=\count283
\multicolpretolerance=\count284
\full@width=\dimen157
\page@free=\dimen158
\premulticols=\dimen159
\postmulticols=\dimen160
\multicolsep=\skip51
\multicolbaselineskip=\skip52
\partial@page=\box55
\last@line=\box56
\mc@boxedresult=\box57
\maxbalancingoverflow=\dimen161
\mult@rightbox=\box58
\mult@grightbox=\box59
\mult@firstbox=\box60
\mult@gfirstbox=\box61
\@tempa=\box62
\@tempa=\box63
\@tempa=\box64
\@tempa=\box65
\@tempa=\box66
\@tempa=\box67
\@tempa=\box68
\@tempa=\box69
\@tempa=\box70
\@tempa=\box71
\@tempa=\box72
\@tempa=\box73
\@tempa=\box74
\@tempa=\box75
\@tempa=\box76
\@tempa=\box77
\@tempa=\box78
\@tempa=\box79
\@tempa=\box80
\@tempa=\box81
\@tempa=\box82
\@tempa=\box83
\@tempa=\box84
\@tempa=\box85
\@tempa=\box86
\@tempa=\box87
\@tempa=\box88
\@tempa=\box89
\@tempa=\box90
\@tempa=\box91
\@tempa=\box92
\@tempa=\box93
\@tempa=\box94
\@tempa=\box95
\@tempa=\box96
\@tempa=\box97
\c@minrows=\count285
\c@columnbadness=\count286
\c@finalcolumnbadness=\count287
\last@try=\dimen162
\multicolovershoot=\dimen163
\multicolundershoot=\dimen164
\mult@nat@firstbox=\box98
\colbreak@box=\box99
\mc@col@check@num=\count288
) (C:\Users\atala\AppData\Local\Programs\MiKTeX\tex/latex/amsmath\amsmath.sty
Package: amsmath 2023/05/13 v2.17o AMS math features
\@mathmargin=\skip53

For additional information on amsmath, use the `?' option.
(C:\Users\atala\AppData\Local\Programs\MiKTeX\tex/latex/amsmath\amstext.sty
Package: amstext 2021/08/26 v2.01 AMS text

(C:\Users\atala\AppData\Local\Programs\MiKTeX\tex/latex/amsmath\amsgen.sty
File: amsgen.sty 1999/11/30 v2.0 generic functions
\@emptytoks=\toks22
\ex@=\dimen165
))
(C:\Users\atala\AppData\Local\Programs\MiKTeX\tex/latex/amsmath\amsbsy.sty
Package: amsbsy 1999/11/29 v1.2d Bold Symbols
\pmbraise@=\dimen166
)
(C:\Users\atala\AppData\Local\Programs\MiKTeX\tex/latex/amsmath\amsopn.sty
Package: amsopn 2022/04/08 v2.04 operator names
)
\inf@bad=\count289
LaTeX Info: Redefining \frac on input line 234.
\uproot@=\count290
\leftroot@=\count291
LaTeX Info: Redefining \overline on input line 399.
LaTeX Info: Redefining \colon on input line 410.
\classnum@=\count292
\DOTSCASE@=\count293
LaTeX Info: Redefining \ldots on input line 496.
LaTeX Info: Redefining \dots on input line 499.
LaTeX Info: Redefining \cdots on input line 620.
\Mathstrutbox@=\box100
\strutbox@=\box101
LaTeX Info: Redefining \big on input line 722.
LaTeX Info: Redefining \Big on input line 723.
LaTeX Info: Redefining \bigg on input line 724.
LaTeX Info: Redefining \Bigg on input line 725.
\big@size=\dimen167
LaTeX Font Info:    Redeclaring font encoding OML on input line 743.
LaTeX Font Info:    Redeclaring font encoding OMS on input line 744.
\macc@depth=\count294
LaTeX Info: Redefining \bmod on input line 905.
LaTeX Info: Redefining \pmod on input line 910.
LaTeX Info: Redefining \smash on input line 940.
LaTeX Info: Redefining \relbar on input line 970.
LaTeX Info: Redefining \Relbar on input line 971.
\c@MaxMatrixCols=\count295
\dotsspace@=\muskip17
\c@parentequation=\count296
\dspbrk@lvl=\count297
\tag@help=\toks23
\row@=\count298
\column@=\count299
\maxfields@=\count300
\andhelp@=\toks24
\eqnshift@=\dimen168
\alignsep@=\dimen169
\tagshift@=\dimen170
\tagwidth@=\dimen171
\totwidth@=\dimen172
\lineht@=\dimen173
\@envbody=\toks25
\multlinegap=\skip54
\multlinetaggap=\skip55
\mathdisplay@stack=\toks26
LaTeX Info: Redefining \[ on input line 2953.
LaTeX Info: Redefining \] on input line 2954.
)
(C:\Users\atala\AppData\Local\Programs\MiKTeX\tex/latex/cite\cite.sty
LaTeX Info: Redefining \cite on input line 302.
LaTeX Info: Redefining \nocite on input line 332.
Package: cite 2015/02/27  v 5.5
)
(C:\Users\atala\AppData\Local\Programs\MiKTeX\tex/latex/float\float.sty
Package: float 2001/11/08 v1.3d Float enhancements (AL)
\c@float@type=\count301
\float@exts=\toks27
\float@box=\box102
\@float@everytoks=\toks28
\@floatcapt=\box103
)
(C:\Users\atala\AppData\Local\Programs\MiKTeX\tex/latex/enumitem\enumitem.sty
Package: enumitem 2019/06/20 v3.9 Customized lists
\labelindent=\skip56
\enit@outerparindent=\dimen174
\enit@toks=\toks29
\enit@inbox=\box104
\enit@count@id=\count302
\enitdp@description=\count303
)
(C:\Users\atala\AppData\Local\Programs\MiKTeX\tex/latex/hyperref\hyperref.sty
Package: hyperref 2024-05-23 v7.01i Hypertext links for LaTeX

(C:\Users\atala\AppData\Local\Programs\MiKTeX\tex/latex/kvsetkeys\kvsetkeys.sty
Package: kvsetkeys 2022-10-05 v1.19 Key value parser (HO)
)
(C:\Users\atala\AppData\Local\Programs\MiKTeX\tex/generic/kvdefinekeys\kvdefine
keys.sty
Package: kvdefinekeys 2019-12-19 v1.6 Define keys (HO)
)
(C:\Users\atala\AppData\Local\Programs\MiKTeX\tex/generic/pdfescape\pdfescape.s
ty
Package: pdfescape 2019/12/09 v1.15 Implements pdfTeX's escape features (HO)

(C:\Users\atala\AppData\Local\Programs\MiKTeX\tex/generic/ltxcmds\ltxcmds.sty
Package: ltxcmds 2023-12-04 v1.26 LaTeX kernel commands for general use (HO)
)
(C:\Users\atala\AppData\Local\Programs\MiKTeX\tex/generic/pdftexcmds\pdftexcmds
.sty
Package: pdftexcmds 2020-06-27 v0.33 Utility functions of pdfTeX for LuaTeX (HO
)

(C:\Users\atala\AppData\Local\Programs\MiKTeX\tex/generic/infwarerr\infwarerr.s
ty
Package: infwarerr 2019/12/03 v1.5 Providing info/warning/error messages (HO)
)
Package pdftexcmds Info: \pdf@primitive is available.
Package pdftexcmds Info: \pdf@ifprimitive is available.
Package pdftexcmds Info: \pdfdraftmode found.
))
(C:\Users\atala\AppData\Local\Programs\MiKTeX\tex/latex/hycolor\hycolor.sty
Package: hycolor 2020-01-27 v1.10 Color options for hyperref/bookmark (HO)
)
(C:\Users\atala\AppData\Local\Programs\MiKTeX\tex/latex/hyperref\nameref.sty
Package: nameref 2023-11-26 v2.56 Cross-referencing by name of section

(C:\Users\atala\AppData\Local\Programs\MiKTeX\tex/latex/refcount\refcount.sty
Package: refcount 2019/12/15 v3.6 Data extraction from label references (HO)
)
(C:\Users\atala\AppData\Local\Programs\MiKTeX\tex/generic/gettitlestring\gettit
lestring.sty
Package: gettitlestring 2019/12/15 v1.6 Cleanup title references (HO)

(C:\Users\atala\AppData\Local\Programs\MiKTeX\tex/latex/kvoptions\kvoptions.sty
Package: kvoptions 2022-06-15 v3.15 Key value format for package options (HO)
))
\c@section@level=\count304
)
(C:\Users\atala\AppData\Local\Programs\MiKTeX\tex/latex/etoolbox\etoolbox.sty
Package: etoolbox 2020/10/05 v2.5k e-TeX tools for LaTeX (JAW)
\etb@tempcnta=\count305
)
(C:\Users\atala\AppData\Local\Programs\MiKTeX\tex/generic/stringenc\stringenc.s
ty
Package: stringenc 2019/11/29 v1.12 Convert strings between diff. encodings (HO
)
)
\@linkdim=\dimen175
\Hy@linkcounter=\count306
\Hy@pagecounter=\count307
 (C:\Users\atala\AppData\Local\Programs\MiKTeX\tex/latex/hyperref\pd1enc.def
File: pd1enc.def 2024-05-23 v7.01i Hyperref: PDFDocEncoding definition (HO)
Now handling font encoding PD1 ...
... no UTF-8 mapping file for font encoding PD1
) (C:\Users\atala\AppData\Local\Programs\MiKTeX\tex/generic/intcalc\intcalc.sty
Package: intcalc 2019/12/15 v1.3 Expandable calculations with integers (HO)
)
\Hy@SavedSpaceFactor=\count308
 (C:\Users\atala\AppData\Local\Programs\MiKTeX\tex/latex/hyperref\puenc.def
File: puenc.def 2024-05-23 v7.01i Hyperref: PDF Unicode definition (HO)
Now handling font encoding PU ...
... no UTF-8 mapping file for font encoding PU
)
Package hyperref Info: Option `colorlinks' set `true' on input line 4040.
Package hyperref Info: Hyper figures OFF on input line 4157.
Package hyperref Info: Link nesting OFF on input line 4162.
Package hyperref Info: Hyper index ON on input line 4165.
Package hyperref Info: Plain pages OFF on input line 4172.
Package hyperref Info: Backreferencing OFF on input line 4177.
Package hyperref Info: Implicit mode ON; LaTeX internals redefined.
Package hyperref Info: Bookmarks ON on input line 4424.
\c@Hy@tempcnt=\count309

(C:\Users\atala\AppData\Local\Programs\MiKTeX\tex/latex/url\url.sty
\Urlmuskip=\muskip18
Package: url 2013/09/16  ver 3.4  Verb mode for urls, etc.
)
LaTeX Info: Redefining \url on input line 4763.
\XeTeXLinkMargin=\dimen176

(C:\Users\atala\AppData\Local\Programs\MiKTeX\tex/generic/bitset\bitset.sty
Package: bitset 2019/12/09 v1.3 Handle bit-vector datatype (HO)

(C:\Users\atala\AppData\Local\Programs\MiKTeX\tex/generic/bigintcalc\bigintcalc
.sty
Package: bigintcalc 2019/12/15 v1.5 Expandable calculations on big integers (HO
)
))
\Fld@menulength=\count310
\Field@Width=\dimen177
\Fld@charsize=\dimen178
Package hyperref Info: Hyper figures OFF on input line 6042.
Package hyperref Info: Link nesting OFF on input line 6047.
Package hyperref Info: Hyper index ON on input line 6050.
Package hyperref Info: backreferencing OFF on input line 6057.
Package hyperref Info: Link coloring ON on input line 6060.
Package hyperref Info: Link coloring with OCG OFF on input line 6067.
Package hyperref Info: PDF/A mode OFF on input line 6072.

(C:\Users\atala\AppData\Local\Programs\MiKTeX\tex/latex/base\atbegshi-ltx.sty
Package: atbegshi-ltx 2021/01/10 v1.0c Emulation of the original atbegshi
package with kernel methods
)
\Hy@abspage=\count311
\c@Item=\count312
\c@Hfootnote=\count313
)
Package hyperref Info: Driver (autodetected): hpdftex.
(C:\Users\atala\AppData\Local\Programs\MiKTeX\tex/latex/hyperref\hpdftex.def
File: hpdftex.def 2024-05-23 v7.01i Hyperref driver for pdfTeX

(C:\Users\atala\AppData\Local\Programs\MiKTeX\tex/latex/base\atveryend-ltx.sty
Package: atveryend-ltx 2020/08/19 v1.0a Emulation of the original atveryend pac
kage
with kernel methods
)
\Fld@listcount=\count314
\c@bookmark@seq@number=\count315

(C:\Users\atala\AppData\Local\Programs\MiKTeX\tex/latex/rerunfilecheck\rerunfil
echeck.sty
Package: rerunfilecheck 2022-07-10 v1.10 Rerun checks for auxiliary files (HO)

(C:\Users\atala\AppData\Local\Programs\MiKTeX\tex/generic/uniquecounter\uniquec
ounter.sty
Package: uniquecounter 2019/12/15 v1.4 Provide unlimited unique counter (HO)
)
Package uniquecounter Info: New unique counter `rerunfilecheck' on input line 2
85.
)
\Hy@SectionHShift=\skip57
)
(C:\Users\atala\AppData\Local\Programs\MiKTeX\tex/latex/tools\tabularx.sty
Package: tabularx 2023/07/08 v2.11c `tabularx' package (DPC)

(C:\Users\atala\AppData\Local\Programs\MiKTeX\tex/latex/tools\array.sty
Package: array 2023/10/16 v2.5g Tabular extension package (FMi)
\col@sep=\dimen179
\ar@mcellbox=\box105
\extrarowheight=\dimen180
\NC@list=\toks30
\extratabsurround=\skip58
\backup@length=\skip59
\ar@cellbox=\box106
)
\TX@col@width=\dimen181
\TX@old@table=\dimen182
\TX@old@col=\dimen183
\TX@target=\dimen184
\TX@delta=\dimen185
\TX@cols=\count316
\TX@ftn=\toks31
)
(C:\Users\atala\AppData\Local\Programs\MiKTeX\tex/latex/l3backend\l3backend-pdf
tex.def
File: l3backend-pdftex.def 2024-05-08 L3 backend support: PDF output (pdfTeX)
\l__color_backend_stack_int=\count317
\l__pdf_internal_box=\box107
) (projemain.aux

LaTeX Warning: Label `fig:ornek' multiply defined.


LaTeX Warning: Label `fig:ornek' multiply defined.


LaTeX Warning: Label `fig:ornek' multiply defined.


LaTeX Warning: Label `fig:ornek' multiply defined.


LaTeX Warning: Label `fig:ornek' multiply defined.


LaTeX Warning: Label `fig:ornek' multiply defined.


LaTeX Warning: Label `fig:ornek' multiply defined.

)
\openout1 = `projemain.aux'.

LaTeX Font Info:    Checking defaults for OML/cmm/m/it on input line 27.
LaTeX Font Info:    ... okay on input line 27.
LaTeX Font Info:    Checking defaults for OMS/cmsy/m/n on input line 27.
LaTeX Font Info:    ... okay on input line 27.
LaTeX Font Info:    Checking defaults for OT1/cmr/m/n on input line 27.
LaTeX Font Info:    ... okay on input line 27.
LaTeX Font Info:    Checking defaults for T1/cmr/m/n on input line 27.
LaTeX Font Info:    ... okay on input line 27.
LaTeX Font Info:    Checking defaults for TS1/cmr/m/n on input line 27.
LaTeX Font Info:    ... okay on input line 27.
LaTeX Font Info:    Checking defaults for OMX/cmex/m/n on input line 27.
LaTeX Font Info:    ... okay on input line 27.
LaTeX Font Info:    Checking defaults for U/cmr/m/n on input line 27.
LaTeX Font Info:    ... okay on input line 27.
LaTeX Font Info:    Checking defaults for PD1/pdf/m/n on input line 27.
LaTeX Font Info:    ... okay on input line 27.
LaTeX Font Info:    Checking defaults for PU/pdf/m/n on input line 27.
LaTeX Font Info:    ... okay on input line 27.
\c@lstlisting=\count318

*geometry* driver: auto-detecting
*geometry* detected driver: pdftex
*geometry* verbose mode - [ preamble ] result:
* driver: pdftex
* paper: a4paper
* layout: <same size as paper>
* layoutoffset:(h,v)=(0.0pt,0.0pt)
* modes: 
* h-part:(L,W,R)=(56.9055pt, 483.69687pt, 56.9055pt)
* v-part:(T,H,B)=(56.9055pt, 731.23584pt, 56.9055pt)
* \paperwidth=597.50787pt
* \paperheight=845.04684pt
* \textwidth=483.69687pt
* \textheight=731.23584pt
* \oddsidemargin=-15.36449pt
* \evensidemargin=-15.36449pt
* \topmargin=-52.36449pt
* \headheight=12.0pt
* \headsep=25.0pt
* \topskip=10.0pt
* \footskip=30.0pt
* \marginparwidth=4.0pt
* \marginparsep=10.0pt
* \columnsep=10.0pt
* \skip\footins=9.0pt plus 4.0pt minus 2.0pt
* \hoffset=0.0pt
* \voffset=0.0pt
* \mag=1000
* \@twocolumntrue
* \@twosidefalse
* \@mparswitchfalse
* \@reversemarginfalse
* (1in=72.27pt=25.4mm, 1cm=28.453pt)


(C:\Users\atala\AppData\Local\Programs\MiKTeX\tex/context/base/mkii\supp-pdf.mk
ii
[Loading MPS to PDF converter (version 2006.09.02).]
\scratchcounter=\count319
\scratchdimen=\dimen186
\scratchbox=\box108
\nofMPsegments=\count320
\nofMParguments=\count321
\everyMPshowfont=\toks32
\MPscratchCnt=\count322
\MPscratchDim=\dimen187
\MPnumerator=\count323
\makeMPintoPDFobject=\count324
\everyMPtoPDFconversion=\toks33
)
(C:\Users\atala\AppData\Local\Programs\MiKTeX\tex/latex/epstopdf-pkg\epstopdf-b
ase.sty
Package: epstopdf-base 2020-01-24 v2.11 Base part for package epstopdf
Package epstopdf-base Info: Redefining graphics rule for `.eps' on input line 4
85.

(C:\Users\atala\AppData\Local\Programs\MiKTeX\tex/latex/00miktex\epstopdf-sys.c
fg
File: epstopdf-sys.cfg 2021/03/18 v2.0 Configuration of epstopdf for MiKTeX
)) (C:\Users\atala\AppData\Local\Programs\MiKTeX\tex/latex/graphics\color.sty
Package: color 2022/01/06 v1.3d Standard LaTeX Color (DPC)
(C:\Users\atala\AppData\Local\Programs\MiKTeX\tex/latex/graphics-cfg\color.cfg
File: color.cfg 2016/01/02 v1.6 sample color configuration
)
Package color Info: Driver file: pdftex.def on input line 149.
(C:\Users\atala\AppData\Local\Programs\MiKTeX\tex/latex/graphics\mathcolor.ltx)
)
Package hyperref Info: Link coloring ON on input line 27.
 (projemain.out) (projemain.out)
\@outlinefile=\write3
\openout3 = `projemain.out'.


Underfull \hbox (badness 1132) in paragraph at lines 31--33
\OT1/cmr/m/n/10 ama^^Xclamaktad^^Pr. Proje, veri se-tinin ke^^Xsfedilmesi,
 []


Underfull \hbox (badness 10000) in paragraph at lines 31--33
\OT1/cmr/m/n/10 g^^?orselle^^Xstirilmesi ve ^^?on i^^Xslenmesi a^^Xsamalar^^Pn^
^P
 []


Underfull \hbox (badness 2197) in paragraph at lines 31--33
\OT1/cmr/m/n/10 i^^Xcermektedir. Ard^^Pndan, farkl^^P makine ^^?o^^Ugrenimi
 []




Underfull \hbox (badness 1895) in paragraph at lines 49--50
\OT1/cmr/m/n/10 lan^^Plm^^P^^Xst^^Pr. Makine ^^?o^^Ugrenmesi; dene-timli, dene-

 []


Underfull \hbox (badness 1721) in paragraph at lines 58--59
[]\OT1/cmr/bx/n/10 temp[]max: \OT1/cmr/m/n/10 G^^?unl^^?uk mak-si-mum s^^Pcakl^
^Pk (\TS1/cmr/m/n/10 °\OT1/cmr/m/n/10 C
 []



[1{C:/Users/atala/AppData/Local/MiKTeX/fonts/map/pdftex/pdftex.map}


]
Underfull \hbox (badness 6675) in paragraph at lines 61--62
[]\OT1/cmr/bx/n/10 weather: \OT1/cmr/m/n/10 G^^?unl^^?uk hava du-rumu (^^?orne^
^Ugin,
 []


Underfull \hbox (badness 6825) in paragraph at lines 63--64
\OT1/cmr/m/n/10 Bu veri seti, hava du-rumu ko^^Xsullar^^Pn^^Pn farkl^^P
 []


Underfull \hbox (badness 3907) in paragraph at lines 66--68
\OT1/cmr/m/n/10 Proje y^^?ontemi olarak, veri seti ^^?uzerinde ^^Xce^^Xsitli
 []


Underfull \hbox (badness 1077) in paragraph at lines 66--68
\OT1/cmr/m/n/10 makine ^^?o^^Ugrenimi s^^Pn^^Pfland^^Prma mod-el-leri e^^Ugitil
erek,
 []


Underfull \hbox (badness 1270) in paragraph at lines 66--68
\OT1/cmr/m/n/10 g^^?unl^^?uk hava du-rumu ko^^Xsullar^^Pn^^Pn tah-min edilmesi
 []


Underfull \hbox (badness 2521) in paragraph at lines 68--69
[]\OT1/cmr/bx/n/10 Veri Ke^^Xsfi ve G^^?orselle^^Xstirme: \OT1/cmr/m/n/10 Veri 
seti
 []


Underfull \hbox (badness 1616) in paragraph at lines 68--69
\OT1/cmr/m/n/10 g^^?orselle^^Xstirilerek (his-togram-lar, ^^Xcizgi grafik-leri,

 []


Underfull \hbox (badness 1571) in paragraph at lines 68--69
\OT1/cmr/m/n/10 vs.) hava du-rumu ^^?ozelliklerinin da^^Ug^^Pl^^Pm^^P ve
 []


Underfull \hbox (badness 3803) in paragraph at lines 71--72
\OT1/cmr/m/n/10 per-for-mans^^P de^^Ugerlendirilecek ve en iyi per-
 []


Underfull \hbox (badness 3623) in paragraph at lines 71--72
\OT1/cmr/m/n/10 for-mans^^P sergileyen model se^^Xcilecektir. Bu
 []


Underfull \hbox (badness 2512) in paragraph at lines 79--80
\OT1/cmr/m/n/10 lan^^Plan makine ^^?o^^Ugrenimi tekniklerini uygu-la-yarak,
 []


Underfull \hbox (badness 1147) in paragraph at lines 79--80
\OT1/cmr/m/n/10 hava du-rumu tah-min-lerinin do^^Ugrulu^^Ugunu art^^Prmay^^P
 []


Underfull \hbox (badness 6493) in paragraph at lines 85--86
[]\OT1/cmr/bx/n/10 Kullan^^Pm Alan^^P: \OT1/cmr/m/n/10 Lo-jis-tik re-gresyon, i
k-
 []


Underfull \hbox (badness 1990) in paragraph at lines 85--86
\OT1/cmr/m/n/10 ili s^^Pn^^Pfland^^Prma prob-lem-lerinde kul-lan^^Plan bir
 []


Underfull \hbox (badness 5345) in paragraph at lines 85--86
\OT1/cmr/m/n/10 mod-eldir. Bu pro-jede, g^^?unl^^?uk hava du-
 []




Underfull \hbox (badness 1824) in paragraph at lines 90--91
\OT1/cmr/m/n/10 in-ce-lenir ve yo-rum-lan^^Pr. E^^Uger model yeter-
 []


Underfull \hbox (badness 3769) in paragraph at lines 90--91
\OT1/cmr/m/n/10 ince iyi per-for-mans g^^?osterirse, g^^?unl^^?uk hava
 []


Underfull \hbox (badness 2426) in paragraph at lines 90--91
\OT1/cmr/m/n/10 du-rumu ko^^Xsullar^^Pn^^Pn tah-mininde kul-lan^^Plabilir.
 []



[2]


Underfull \hbox (badness 1194) in paragraph at lines 147--148
\OT1/cmr/m/n/10 etk-ili bir makine ^^?o^^Ugrenimi al-go-rit-mas^^Pd^^Pr. KNN,
 []


Underfull \hbox (badness 5622) in paragraph at lines 162--163
[]\OT1/cmr/m/n/10 KNN al-go-rit-mas^^Pn^^Pn en ^^?onemli parame-tresi,
 []



[3]
Underfull \hbox (badness 3138) in paragraph at lines 170--171
[]\OT1/cmr/m/n/10 K-Nearest Neigh-bors (KNN) al-go-rit-mas^^P i^^Xcin
 []


Underfull \hbox (badness 10000) in paragraph at lines 170--171
\OT1/cmr/m/n/10 lan^^Plan^^P, veri nok-ta-lar^^P aras^^Pndaki mesafeyi
 []


Underfull \hbox (badness 10000) in paragraph at lines 170--171
\OT1/cmr/m/n/10 hesapla-mak i^^Xcin kul-lan^^Plan []Oklid mesafesi
 []


Underfull \hbox (badness 1028) in paragraph at lines 170--171
\OT1/cmr/m/n/10 d^^?uz bir hatt^^Pn uzunlu^^Ugunu verir ve genel-likle
 []


Underfull \hbox (badness 10000) in paragraph at lines 205--206
[]\OT1/cmr/bx/n/10 Kenarlar (Edges): \OT1/cmr/m/n/10 D^^?u^^Ug^^?umleri bir-bir
ine
 []


Underfull \hbox (badness 1924) in paragraph at lines 206--207
[]\OT1/cmr/bx/n/10 Yaprak D^^?u^^Ug^^?umler (Leaf Nodes): \OT1/cmr/m/n/10 Karar

 []


Underfull \hbox (badness 1874) in paragraph at lines 212--213
[]\OT1/cmr/bx/n/10 Karar Ku-ral-lar^^Pn^^Pn Olu^^Xsturulmas^^P (Rule
 []




Underfull \hbox (badness 4726) in paragraph at lines 221--222
\OT1/cmr/m/n/10 Destek Vekt^^?or Makineleri (Sup-port Vec-tor Ma-
 []


Underfull \hbox (badness 1997) in paragraph at lines 221--222
\OT1/cmr/m/n/10 chine) genel-likle s^^Pn^^Pfland^^Prma prob-lem-lerinde kul-
 []


Underfull \hbox (badness 5345) in paragraph at lines 225--228
[]\OT1/cmr/m/n/10 SVC, iki s^^Pn^^Pfl^^P (ik-ili) ve ^^Xcok s^^Pn^^Pfl^^P (^^Xc
oklu)
 []


Underfull \hbox (badness 2073) in paragraph at lines 225--228
\OT1/cmr/m/n/10 ayr^^Plabilir s^^Pn^^Pfland^^Prma prob-lem-leri i^^Xcin d^^?uzl
emde
 []


Underfull \hbox (badness 4673) in paragraph at lines 229--230
\OT1/cmr/m/n/10 (SVM) al-go-rit-mas^^Pn^^Pn matem-atik-sel form^^?ulasyonu
 []


Underfull \hbox (badness 2903) in paragraph at lines 229--230
\OT1/cmr/m/n/10 ^^?ozellikler $\OML/cmm/m/it/10 x[]$ \OT1/cmr/m/n/10 ve s^^Pn^^
Pfland^^Prma etiket-leri $\OML/cmm/m/it/10 y[]$ \OT1/cmr/m/n/10 ol-sun.
 []



[4]
<Figures/Figure1.png, id=122, 867.24pt x 433.62pt>
File: Figures/Figure1.png Graphic file (type png)
<use Figures/Figure1.png>
Package pdftex.def Info: Figures/Figure1.png  used on input line 249.
(pdftex.def)             Requested size: 236.84843pt x 118.4221pt.
<Figures/Figure2.png, id=124, 867.24pt x 433.62pt>
File: Figures/Figure2.png Graphic file (type png)
<use Figures/Figure2.png>
Package pdftex.def Info: Figures/Figure2.png  used on input line 258.
(pdftex.def)             Requested size: 236.84843pt x 118.4221pt.
<Figures/Figure3.png, id=125, 1112.2353pt x 289.08pt>
File: Figures/Figure3.png Graphic file (type png)
<use Figures/Figure3.png>
Package pdftex.def Info: Figures/Figure3.png  used on input line 267.
(pdftex.def)             Requested size: 236.84843pt x 61.5555pt.

Underfull \hbox (badness 10000) in paragraph at lines 272--273
\OT1/cmr/m/n/10 ay-lar^^Pn or-ta-lama mak-si-mum s^^Pcakl^^Pk de^^Ugerlerini
 []

<Figures/Figure4.png, id=126, 1112.2353pt x 289.08pt>
File: Figures/Figure4.png Graphic file (type png)
<use Figures/Figure4.png>
Package pdftex.def Info: Figures/Figure4.png  used on input line 276.
(pdftex.def)             Requested size: 236.84843pt x 61.5555pt.

Underfull \vbox (badness 7116) has occurred while \output is active []




Underfull \hbox (badness 10000) in paragraph at lines 281--282
\OT1/cmr/m/n/10 ay-lar^^Pn or-ta-lama min-i-mum s^^Pcakl^^Pk de^^Ugerlerini
 []

<Figures/Figure5.png, id=127, 1112.2353pt x 289.08pt>
File: Figures/Figure5.png Graphic file (type png)
<use Figures/Figure5.png>
Package pdftex.def Info: Figures/Figure5.png  used on input line 285.
(pdftex.def)             Requested size: 236.84843pt x 61.5555pt.
<Figures/Figure6.png, id=128, 1112.2353pt x 361.35pt>
File: Figures/Figure6.png Graphic file (type png)
<use Figures/Figure6.png>
Package pdftex.def Info: Figures/Figure6.png  used on input line 294.
(pdftex.def)             Requested size: 236.84843pt x 76.94437pt.
<Figures/Figure7.png, id=129, 1110.0672pt x 550.6974pt>
File: Figures/Figure7.png Graphic file (type png)
<use Figures/Figure7.png>
Package pdftex.def Info: Figures/Figure7.png  used on input line 303.
(pdftex.def)             Requested size: 236.84843pt x 117.49852pt.

Underfull \hbox (badness 1052) in paragraph at lines 308--310
[]\OT1/cmr/m/n/10 Verilen daire-sel grafikte hava du-rumu t^^?urlerinin
 []

<Figures/Figure8.png, id=130, 578.16pt x 433.62pt>
File: Figures/Figure8.png Graphic file (type png)
<use Figures/Figure8.png>
Package pdftex.def Info: Figures/Figure8.png  used on input line 313.
(pdftex.def)             Requested size: 236.84843pt x 177.63316pt.

Underfull \vbox (badness 10000) has occurred while \output is active []



[5 <./Figures/Figure1.png> <./Figures/Figure2.png> <./Figures/Figure3.png> <./F
igures/Figure4.png> <./Figures/Figure5.png> <./Figures/Figure6.png> <./Figures/
Figure7.png>]
Underfull \hbox (badness 10000) in paragraph at lines 342--343
\OT1/cmr/m/n/10 Cross-Validation Ac-cu-racy ([]apraz Do^^Ugrulama
 []





[6 <./Figures/Figure8.png>] (projemain.bbl)



[7

] (projemain.aux)
 ***********
LaTeX2e <2024-06-01>
L3 programming layer <2024-05-08>
 ***********


LaTeX Warning: There were multiply-defined labels.

Package rerunfilecheck Info: File `projemain.out' has not changed.
(rerunfilecheck)             Checksum: A78E4D80E28306A7827063CBBD4D8133;2185.
 ) 
Here is how much of TeX's memory you used:
 12030 strings out of 473937
 187741 string characters out of 5727371
 1950893 words of memory out of 5000000
 34671 multiletter control sequences out of 15000+600000
 565527 words of font info for 62 fonts, out of 8000000 for 9000
 1141 hyphenation exceptions out of 8191
 75i,10n,79p,1033b,646s stack positions out of 10000i,1000n,20000p,200000b,200000s
 <C:\Users\atala\AppData\Local\MiKTeX\fonts/pk/ljfour/jknappen/ec/dpi600\tcrm
1000.pk><C:/Users/atala/AppData/Local/Programs/MiKTeX/fonts/type1/public/amsfon
ts/cm/cmbx10.pfb><C:/Users/atala/AppData/Local/Programs/MiKTeX/fonts/type1/publ
ic/amsfonts/cm/cmbx12.pfb><C:/Users/atala/AppData/Local/Programs/MiKTeX/fonts/t
ype1/public/amsfonts/cm/cmex10.pfb><C:/Users/atala/AppData/Local/Programs/MiKTe
X/fonts/type1/public/amsfonts/cm/cmmi10.pfb><C:/Users/atala/AppData/Local/Progr
ams/MiKTeX/fonts/type1/public/amsfonts/cm/cmmi5.pfb><C:/Users/atala/AppData/Loc
al/Programs/MiKTeX/fonts/type1/public/amsfonts/cm/cmmi7.pfb><C:/Users/atala/App
Data/Local/Programs/MiKTeX/fonts/type1/public/amsfonts/cm/cmr10.pfb><C:/Users/a
tala/AppData/Local/Programs/MiKTeX/fonts/type1/public/amsfonts/cm/cmr12.pfb><C:
/Users/atala/AppData/Local/Programs/MiKTeX/fonts/type1/public/amsfonts/cm/cmr5.
pfb><C:/Users/atala/AppData/Local/Programs/MiKTeX/fonts/type1/public/amsfonts/c
m/cmr7.pfb><C:/Users/atala/AppData/Local/Programs/MiKTeX/fonts/type1/public/ams
fonts/cm/cmsy10.pfb><C:/Users/atala/AppData/Local/Programs/MiKTeX/fonts/type1/p
ublic/amsfonts/cm/cmsy7.pfb><C:/Users/atala/AppData/Local/Programs/MiKTeX/fonts
/type1/public/amsfonts/cm/cmti10.pfb><C:/Users/atala/AppData/Local/Programs/MiK
TeX/fonts/type1/public/amsfonts/cm/cmtt12.pfb>
Output written on projemain.pdf (7 pages, 478648 bytes).
PDF statistics:
 239 PDF objects out of 1000 (max. 8388607)
 51 named destinations out of 1000 (max. 500000)
 161 words of extra memory for PDF output out of 10000 (max. 10000000)

